<?xml version="1.0" encoding="UTF-8"?>
<testng-results skipped="0" failed="0" ignored="18" total="25" passed="7">
  <reporter-output>
    <line>
      <![CDATA[Properties loaded successfully.]]>
    </line>
    <line>
      <![CDATA[Setting Capabilities : Capabilities {app: C:\Users\Raja\Downloads\Ama..., appActivity: com.amazon.mShop.splashscre..., appPackage: com.amazon.mShop.android.sh..., deviceName: 8fdb56df, noReset: false, platformName: Android, platformVersion: 9}]]>
    </line>
    <line>
      <![CDATA[Driver instance created]]>
    </line>
    <line>
      <![CDATA[Driver Initialized.....]]>
    </line>
    <line>
      <![CDATA[Waiting for signin page to load]]>
    </line>
    <line>
      <![CDATA[Signin page is loaded]]>
    </line>
    <line>
      <![CDATA[Captured snapshot of 1_SigninPage]]>
    </line>
    <line>
      <![CDATA[Clicked on Continue button]]>
    </line>
    <line>
      <![CDATA[Waiting for language selection popup to appear]]>
    </line>
    <line>
      <![CDATA[Clicked on English radio button]]>
    </line>
    <line>
      <![CDATA[Captured snapshot of 2_SelectLanguage]]>
    </line>
    <line>
      <![CDATA[Clicked on save changes button]]>
    </line>
    <line>
      <![CDATA[Captured snapshot of 3_SaveChanges]]>
    </line>
    <line>
      <![CDATA[Clicked on search input]]>
    </line>
    <line>
      <![CDATA[Captured snapshot of 4_SearchInput]]>
    </line>
    <line>
      <![CDATA[Entered product name]]>
    </line>
    <line>
      <![CDATA[List of Available products]]>
    </line>
    <line>
      <![CDATA[OnePlus 138.8 cm (55 inches) Q1 Series 4K Certified Android QLED TV 55Q1IN-1 (Black) (Without Stand)]]>
    </line>
    <line>
      <![CDATA[OnePlus 138.8 cm (55 inches) Q1 Series 4K Certified Android QLED TV 55Q1IN-1 (Black) (Without Stand)]]>
    </line>
    <line>
      <![CDATA[TCL 163.96 cm (65 inches)  AI 4K UHD Certified Android Smart LED TV 65P8 (Black) (2019 Model)]]>
    </line>
    <line>
      <![CDATA[Search results displayed]]>
    </line>
    <line>
      <![CDATA[Captured snapshot of 5_ProductList]]>
    </line>
    <line>
      <![CDATA[Retrieved product name at second location]]>
    </line>
    <line>
      <![CDATA[OnePlus 138.8 cm (55 inches) Q1 Series 4K Certified Android QLED TV 55Q1IN-1 (Black) (Without Stand)  Product is selected on search results page]]>
    </line>
    <line>
      <![CDATA[Scrolling down  Add to Cart Button...]]>
    </line>
    <line>
      <![CDATA[Scroll Complete...]]>
    </line>
    <line>
      <![CDATA[Captured snapshot of 6_Add to cart]]>
    </line>
    <line>
      <![CDATA[Clicked on Add to Cart Button...]]>
    </line>
    <line>
      <![CDATA[Captured snapshot of 7_Cart]]>
    </line>
    <line>
      <![CDATA[Cart popup displayed]]>
    </line>
    <line>
      <![CDATA[Captured snapshot of 7_Cart Screen popup]]>
    </line>
    <line>
      <![CDATA[Clicked on Cart Button...]]>
    </line>
    <line>
      <![CDATA[Waiting for Proceed to checkout button]]>
    </line>
    <line>
      <![CDATA[Proceed to checkout button visible]]>
    </line>
    <line>
      <![CDATA[Captured snapshot of 8_Proceed To Checkout]]>
    </line>
    <line>
      <![CDATA[Clicked on Proceed to checkout Button...]]>
    </line>
    <line>
      <![CDATA[Waiting for Deliver to this address button]]>
    </line>
    <line>
      <![CDATA[Deliver to this address button visible]]>
    </line>
    <line>
      <![CDATA[Captured snapshot of 9_ShippingAddress]]>
    </line>
    <line>
      <![CDATA[Clicked on deliver to this address button...]]>
    </line>
    <line>
      <![CDATA[Waiting for continue button to be displayed]]>
    </line>
    <line>
      <![CDATA[continue button is Visible]]>
    </line>
    <line>
      <![CDATA[Captured snapshot of 10_ContinueButton]]>
    </line>
    <line>
      <![CDATA[Clicked on Continue Button]]>
    </line>
    <line>
      <![CDATA[Scrolling to view net banking option]]>
    </line>
    <line>
      <![CDATA[Captured snapshot of 11_Net Banking]]>
    </line>
    <line>
      <![CDATA[Scroll Complete and net banking option is visible]]>
    </line>
    <line>
      <![CDATA[Clicked on net banking radio button]]>
    </line>
    <line>
      <![CDATA[Captured snapshot of 12_Net Banking radio]]>
    </line>
    <line>
      <![CDATA[Clicked on bank dropdown]]>
    </line>
    <line>
      <![CDATA[Captured snapshot of 13_Bank List]]>
    </line>
    <line>
      <![CDATA[Continue button is clicked]]>
    </line>
    <line>
      <![CDATA[Product name captured in checkout..]]>
    </line>
    <line>
      <![CDATA[Captured snapshot of 14_checkout]]>
    </line>
    <line>
      <![CDATA[App Closed...]]>
    </line>
    <line>
      <![CDATA[Session Ended...]]>
    </line>
  </reporter-output>
  <suite name="Amazon App" duration-ms="125160" started-at="2020-02-18T09:53:01Z" finished-at="2020-02-18T09:55:06Z">
    <groups>
    </groups>
    <test name="Amazon Android App" duration-ms="125160" started-at="2020-02-18T09:53:01Z" finished-at="2020-02-18T09:55:06Z">
      <class name="tests.PaymentDetails">
        <test-method status="PASS" signature="selectPaymentDetails()[pri:0, instance:tests.PaymentDetails@ea1a8d5]" name="selectPaymentDetails" duration-ms="27559" started-at="2020-02-18T09:54:17Z" finished-at="2020-02-18T09:54:44Z">
          <reporter-output>
            <line>
              <![CDATA[Scrolling to view net banking option]]>
            </line>
            <line>
              <![CDATA[Captured snapshot of 11_Net Banking]]>
            </line>
            <line>
              <![CDATA[Scroll Complete and net banking option is visible]]>
            </line>
            <line>
              <![CDATA[Clicked on net banking radio button]]>
            </line>
            <line>
              <![CDATA[Captured snapshot of 12_Net Banking radio]]>
            </line>
            <line>
              <![CDATA[Clicked on bank dropdown]]>
            </line>
            <line>
              <![CDATA[Captured snapshot of 13_Bank List]]>
            </line>
            <line>
              <![CDATA[Continue button is clicked]]>
            </line>
          </reporter-output>
        </test-method> <!-- selectPaymentDetails -->
      </class> <!-- tests.PaymentDetails -->
      <class name="tests.AddToCart">
        <test-method status="PASS" signature="AddItemToCart()[pri:0, instance:tests.AddToCart@5faeada1]" name="AddItemToCart" duration-ms="33616" started-at="2020-02-18T09:53:32Z" finished-at="2020-02-18T09:54:06Z">
          <reporter-output>
            <line>
              <![CDATA[Scrolling down  Add to Cart Button...]]>
            </line>
            <line>
              <![CDATA[Scroll Complete...]]>
            </line>
            <line>
              <![CDATA[Captured snapshot of 6_Add to cart]]>
            </line>
            <line>
              <![CDATA[Clicked on Add to Cart Button...]]>
            </line>
            <line>
              <![CDATA[Captured snapshot of 7_Cart]]>
            </line>
            <line>
              <![CDATA[Cart popup displayed]]>
            </line>
            <line>
              <![CDATA[Captured snapshot of 7_Cart Screen popup]]>
            </line>
            <line>
              <![CDATA[Clicked on Cart Button...]]>
            </line>
            <line>
              <![CDATA[Waiting for Proceed to checkout button]]>
            </line>
            <line>
              <![CDATA[Proceed to checkout button visible]]>
            </line>
            <line>
              <![CDATA[Captured snapshot of 8_Proceed To Checkout]]>
            </line>
            <line>
              <![CDATA[Clicked on Proceed to checkout Button...]]>
            </line>
          </reporter-output>
        </test-method> <!-- AddItemToCart -->
      </class> <!-- tests.AddToCart -->
      <class name="tests.ShippingDetails">
        <test-method status="PASS" signature="selectOrEnterShippingDetails()[pri:0, instance:tests.ShippingDetails@528931cf]" name="selectOrEnterShippingDetails" duration-ms="10670" started-at="2020-02-18T09:54:06Z" finished-at="2020-02-18T09:54:17Z">
          <reporter-output>
            <line>
              <![CDATA[Waiting for Deliver to this address button]]>
            </line>
            <line>
              <![CDATA[Deliver to this address button visible]]>
            </line>
            <line>
              <![CDATA[Captured snapshot of 9_ShippingAddress]]>
            </line>
            <line>
              <![CDATA[Clicked on deliver to this address button...]]>
            </line>
            <line>
              <![CDATA[Waiting for continue button to be displayed]]>
            </line>
            <line>
              <![CDATA[continue button is Visible]]>
            </line>
            <line>
              <![CDATA[Captured snapshot of 10_ContinueButton]]>
            </line>
            <line>
              <![CDATA[Clicked on Continue Button]]>
            </line>
          </reporter-output>
        </test-method> <!-- selectOrEnterShippingDetails -->
      </class> <!-- tests.ShippingDetails -->
      <class name="tests.SearchProduct">
        <test-method status="PASS" signature="searchForAProduct()[pri:0, instance:tests.SearchProduct@34cd072c]" name="searchForAProduct" duration-ms="11227" started-at="2020-02-18T09:53:15Z" finished-at="2020-02-18T09:53:26Z">
          <reporter-output>
            <line>
              <![CDATA[Clicked on search input]]>
            </line>
            <line>
              <![CDATA[Captured snapshot of 4_SearchInput]]>
            </line>
            <line>
              <![CDATA[Entered product name]]>
            </line>
          </reporter-output>
        </test-method> <!-- searchForAProduct -->
      </class> <!-- tests.SearchProduct -->
      <class name="tests.Home">
        <test-method status="PASS" signature="ReadProperties()[pri:0, instance:tests.Home@11438d26]" name="ReadProperties" is-config="true" duration-ms="29" started-at="2020-02-18T09:52:46Z" finished-at="2020-02-18T09:52:46Z">
          <reporter-output>
          </reporter-output>
        </test-method> <!-- ReadProperties -->
        <test-method status="PASS" signature="setup()[pri:0, instance:tests.Home@11438d26]" name="setup" is-config="true" duration-ms="14867" started-at="2020-02-18T09:52:46Z" finished-at="2020-02-18T09:53:01Z">
          <reporter-output>
            <line>
              <![CDATA[Properties loaded successfully.]]>
            </line>
            <line>
              <![CDATA[Setting Capabilities : Capabilities {app: C:\Users\Raja\Downloads\Ama..., appActivity: com.amazon.mShop.splashscre..., appPackage: com.amazon.mShop.android.sh..., deviceName: 8fdb56df, noReset: false, platformName: Android, platformVersion: 9}]]>
            </line>
            <line>
              <![CDATA[Driver instance created]]>
            </line>
            <line>
              <![CDATA[Driver Initialized.....]]>
            </line>
          </reporter-output>
        </test-method> <!-- setup -->
        <test-method status="PASS" signature="loginAndSelectLanguage()[pri:0, instance:tests.Home@11438d26]" name="loginAndSelectLanguage" duration-ms="13666" started-at="2020-02-18T09:53:01Z" finished-at="2020-02-18T09:53:15Z">
          <reporter-output>
            <line>
              <![CDATA[Waiting for signin page to load]]>
            </line>
            <line>
              <![CDATA[Signin page is loaded]]>
            </line>
            <line>
              <![CDATA[Captured snapshot of 1_SigninPage]]>
            </line>
            <line>
              <![CDATA[Clicked on Continue button]]>
            </line>
            <line>
              <![CDATA[Waiting for language selection popup to appear]]>
            </line>
            <line>
              <![CDATA[Clicked on English radio button]]>
            </line>
            <line>
              <![CDATA[Captured snapshot of 2_SelectLanguage]]>
            </line>
            <line>
              <![CDATA[Clicked on save changes button]]>
            </line>
            <line>
              <![CDATA[Captured snapshot of 3_SaveChanges]]>
            </line>
          </reporter-output>
        </test-method> <!-- loginAndSelectLanguage -->
        <test-method status="PASS" signature="TeardownTest()[pri:0, instance:tests.Home@11438d26]" name="TeardownTest" is-config="true" duration-ms="1411" started-at="2020-02-18T09:55:06Z" finished-at="2020-02-18T09:55:08Z">
          <reporter-output>
            <line>
              <![CDATA[App Closed...]]>
            </line>
            <line>
              <![CDATA[Session Ended...]]>
            </line>
          </reporter-output>
        </test-method> <!-- TeardownTest -->
      </class> <!-- tests.Home -->
      <class name="tests.SelectProduct">
        <test-method status="PASS" signature="selectAProduct()[pri:0, instance:tests.SelectProduct@7a1ebcd8]" name="selectAProduct" duration-ms="6424" started-at="2020-02-18T09:53:26Z" finished-at="2020-02-18T09:53:32Z">
          <reporter-output>
            <line>
              <![CDATA[List of Available products]]>
            </line>
            <line>
              <![CDATA[OnePlus 138.8 cm (55 inches) Q1 Series 4K Certified Android QLED TV 55Q1IN-1 (Black) (Without Stand)]]>
            </line>
            <line>
              <![CDATA[OnePlus 138.8 cm (55 inches) Q1 Series 4K Certified Android QLED TV 55Q1IN-1 (Black) (Without Stand)]]>
            </line>
            <line>
              <![CDATA[TCL 163.96 cm (65 inches)  AI 4K UHD Certified Android Smart LED TV 65P8 (Black) (2019 Model)]]>
            </line>
            <line>
              <![CDATA[Search results displayed]]>
            </line>
            <line>
              <![CDATA[Captured snapshot of 5_ProductList]]>
            </line>
            <line>
              <![CDATA[Retrieved product name at second location]]>
            </line>
            <line>
              <![CDATA[OnePlus 138.8 cm (55 inches) Q1 Series 4K Certified Android QLED TV 55Q1IN-1 (Black) (Without Stand)  Product is selected on search results page]]>
            </line>
          </reporter-output>
        </test-method> <!-- selectAProduct -->
      </class> <!-- tests.SelectProduct -->
      <class name="tests.Checkout">
        <test-method status="PASS" signature="itemCheckout()[pri:0, instance:tests.Checkout@1563da5]" name="itemCheckout" duration-ms="21917" started-at="2020-02-18T09:54:44Z" finished-at="2020-02-18T09:55:06Z">
          <reporter-output>
            <line>
              <![CDATA[Product name captured in checkout..]]>
            </line>
            <line>
              <![CDATA[Captured snapshot of 14_checkout]]>
            </line>
          </reporter-output>
        </test-method> <!-- itemCheckout -->
      </class> <!-- tests.Checkout -->
    </test> <!-- Amazon Android App -->
  </suite> <!-- Amazon App -->
</testng-results>
