<?xml version="1.0" encoding="UTF-8"?>
<!-- Generated by org.testng.reporters.JUnitXMLReporter -->
<testsuite hostname="DESKTOP-8248BF9" ignored="3" name="Amazon Android App" tests="2" failures="0" timestamp="12 Feb 2020 08:38:38 GMT" time="27.444" errors="0">
  <testcase name="loginAndSelectLanguage" time="11.276" classname="tests.HomeTest"/>
  <testcase name="loginAndSelectLanguage" time="16.084" classname="tests.SearchProduct"/>
  <testcase name="@AfterSuite TeardownTest" time="0.0" classname="tests.TestBase">
    <ignored/>
  </testcase> <!-- @AfterSuite TeardownTest -->
  <testcase name="@BeforeSuite setup" time="0.0" classname="tests.TestBase">
    <ignored/>
  </testcase> <!-- @BeforeSuite setup -->
  <testcase name="@BeforeSuite ReadProperties" time="0.0" classname="tests.TestBase">
    <ignored/>
  </testcase> <!-- @BeforeSuite ReadProperties -->
</testsuite> <!-- Amazon Android App -->
