<?xml version="1.0" encoding="UTF-8"?>
<!-- Generated by org.testng.reporters.JUnitXMLReporter -->
<testsuite hostname="DESKTOP-8248BF9" ignored="18" name="Amazon Android App" tests="7" failures="0" timestamp="17 Feb 2020 10:30:09 GMT" time="105.795" errors="0">
  <testcase name="loginAndSelectLanguage" time="14.133" classname="tests.Home"/>
  <testcase name="searchForAProduct" time="10.409" classname="tests.SearchProduct"/>
  <testcase name="selectAProduct" time="6.323" classname="tests.SelectProduct"/>
  <testcase name="AddItemToCart" time="31.973" classname="tests.AddToCart"/>
  <testcase name="selectOrEnterShippingDetails" time="8.884" classname="tests.ShippingDetails"/>
  <testcase name="selectPaymentDetails" time="25.988" classname="tests.PaymentDetails"/>
  <testcase name="itemCheckout" time="8.014" classname="tests.Checkout"/>
  <testcase name="@BeforeSuite ReadProperties" time="0.0" classname="utility.TestBase">
    <ignored/>
  </testcase> <!-- @BeforeSuite ReadProperties -->
  <testcase name="@BeforeSuite ReadProperties" time="0.0" classname="utility.TestBase">
    <ignored/>
  </testcase> <!-- @BeforeSuite ReadProperties -->
  <testcase name="@BeforeSuite ReadProperties" time="0.0" classname="utility.TestBase">
    <ignored/>
  </testcase> <!-- @BeforeSuite ReadProperties -->
  <testcase name="@BeforeSuite ReadProperties" time="0.0" classname="utility.TestBase">
    <ignored/>
  </testcase> <!-- @BeforeSuite ReadProperties -->
  <testcase name="@BeforeSuite ReadProperties" time="0.0" classname="utility.TestBase">
    <ignored/>
  </testcase> <!-- @BeforeSuite ReadProperties -->
  <testcase name="@BeforeSuite ReadProperties" time="0.0" classname="utility.TestBase">
    <ignored/>
  </testcase> <!-- @BeforeSuite ReadProperties -->
  <testcase name="@BeforeSuite setup" time="0.0" classname="utility.TestBase">
    <ignored/>
  </testcase> <!-- @BeforeSuite setup -->
  <testcase name="@BeforeSuite setup" time="0.0" classname="utility.TestBase">
    <ignored/>
  </testcase> <!-- @BeforeSuite setup -->
  <testcase name="@BeforeSuite setup" time="0.0" classname="utility.TestBase">
    <ignored/>
  </testcase> <!-- @BeforeSuite setup -->
  <testcase name="@BeforeSuite setup" time="0.0" classname="utility.TestBase">
    <ignored/>
  </testcase> <!-- @BeforeSuite setup -->
  <testcase name="@BeforeSuite setup" time="0.0" classname="utility.TestBase">
    <ignored/>
  </testcase> <!-- @BeforeSuite setup -->
  <testcase name="@BeforeSuite setup" time="0.0" classname="utility.TestBase">
    <ignored/>
  </testcase> <!-- @BeforeSuite setup -->
  <testcase name="@AfterSuite TeardownTest" time="0.0" classname="utility.TestBase">
    <ignored/>
  </testcase> <!-- @AfterSuite TeardownTest -->
  <testcase name="@AfterSuite TeardownTest" time="0.0" classname="utility.TestBase">
    <ignored/>
  </testcase> <!-- @AfterSuite TeardownTest -->
  <testcase name="@AfterSuite TeardownTest" time="0.0" classname="utility.TestBase">
    <ignored/>
  </testcase> <!-- @AfterSuite TeardownTest -->
  <testcase name="@AfterSuite TeardownTest" time="0.0" classname="utility.TestBase">
    <ignored/>
  </testcase> <!-- @AfterSuite TeardownTest -->
  <testcase name="@AfterSuite TeardownTest" time="0.0" classname="utility.TestBase">
    <ignored/>
  </testcase> <!-- @AfterSuite TeardownTest -->
  <testcase name="@AfterSuite TeardownTest" time="0.0" classname="utility.TestBase">
    <ignored/>
  </testcase> <!-- @AfterSuite TeardownTest -->
</testsuite> <!-- Amazon Android App -->
