<?xml version="1.0" encoding="UTF-8"?>
<!-- Generated by org.testng.reporters.JUnitXMLReporter -->
<testsuite hostname="DESKTOP-8248BF9" ignored="18" name="Amazon Android App" tests="7" failures="0" timestamp="18 Feb 2020 09:55:06 GMT" time="125.16" errors="0">
  <testcase name="loginAndSelectLanguage" time="13.666" classname="tests.Home"/>
  <testcase name="searchForAProduct" time="11.227" classname="tests.SearchProduct"/>
  <testcase name="selectAProduct" time="6.424" classname="tests.SelectProduct"/>
  <testcase name="AddItemToCart" time="33.616" classname="tests.AddToCart"/>
  <testcase name="selectOrEnterShippingDetails" time="10.67" classname="tests.ShippingDetails"/>
  <testcase name="selectPaymentDetails" time="27.559" classname="tests.PaymentDetails"/>
  <testcase name="itemCheckout" time="21.917" classname="tests.Checkout"/>
  <testcase name="@BeforeSuite ReadProperties" time="0.0" classname="utility.TestBase">
    <ignored/>
  </testcase> <!-- @BeforeSuite ReadProperties -->
  <testcase name="@BeforeSuite ReadProperties" time="0.0" classname="utility.TestBase">
    <ignored/>
  </testcase> <!-- @BeforeSuite ReadProperties -->
  <testcase name="@BeforeSuite ReadProperties" time="0.0" classname="utility.TestBase">
    <ignored/>
  </testcase> <!-- @BeforeSuite ReadProperties -->
  <testcase name="@BeforeSuite ReadProperties" time="0.0" classname="utility.TestBase">
    <ignored/>
  </testcase> <!-- @BeforeSuite ReadProperties -->
  <testcase name="@BeforeSuite ReadProperties" time="0.0" classname="utility.TestBase">
    <ignored/>
  </testcase> <!-- @BeforeSuite ReadProperties -->
  <testcase name="@BeforeSuite ReadProperties" time="0.0" classname="utility.TestBase">
    <ignored/>
  </testcase> <!-- @BeforeSuite ReadProperties -->
  <testcase name="@BeforeSuite setup" time="0.0" classname="utility.TestBase">
    <ignored/>
  </testcase> <!-- @BeforeSuite setup -->
  <testcase name="@BeforeSuite setup" time="0.0" classname="utility.TestBase">
    <ignored/>
  </testcase> <!-- @BeforeSuite setup -->
  <testcase name="@BeforeSuite setup" time="0.0" classname="utility.TestBase">
    <ignored/>
  </testcase> <!-- @BeforeSuite setup -->
  <testcase name="@BeforeSuite setup" time="0.0" classname="utility.TestBase">
    <ignored/>
  </testcase> <!-- @BeforeSuite setup -->
  <testcase name="@BeforeSuite setup" time="0.0" classname="utility.TestBase">
    <ignored/>
  </testcase> <!-- @BeforeSuite setup -->
  <testcase name="@BeforeSuite setup" time="0.0" classname="utility.TestBase">
    <ignored/>
  </testcase> <!-- @BeforeSuite setup -->
  <testcase name="@AfterSuite TeardownTest" time="0.0" classname="utility.TestBase">
    <ignored/>
  </testcase> <!-- @AfterSuite TeardownTest -->
  <testcase name="@AfterSuite TeardownTest" time="0.0" classname="utility.TestBase">
    <ignored/>
  </testcase> <!-- @AfterSuite TeardownTest -->
  <testcase name="@AfterSuite TeardownTest" time="0.0" classname="utility.TestBase">
    <ignored/>
  </testcase> <!-- @AfterSuite TeardownTest -->
  <testcase name="@AfterSuite TeardownTest" time="0.0" classname="utility.TestBase">
    <ignored/>
  </testcase> <!-- @AfterSuite TeardownTest -->
  <testcase name="@AfterSuite TeardownTest" time="0.0" classname="utility.TestBase">
    <ignored/>
  </testcase> <!-- @AfterSuite TeardownTest -->
  <testcase name="@AfterSuite TeardownTest" time="0.0" classname="utility.TestBase">
    <ignored/>
  </testcase> <!-- @AfterSuite TeardownTest -->
</testsuite> <!-- Amazon Android App -->
